SF:lib\providers\provider_bdd.dart
DA:16,0
DA:17,0
DA:20,0
DA:22,0
LF:4
LH:0
end_of_record
SF:lib\providers\provider_synchro.dart
DA:34,2
DA:36,0
DA:38,0
DA:40,0
DA:42,1
DA:43,3
DA:44,3
DA:45,3
DA:46,3
DA:47,3
DA:48,3
DA:49,3
DA:50,3
DA:51,3
DA:52,3
DA:53,3
DA:56,0
DA:57,0
DA:58,0
DA:62,0
DA:63,0
DA:64,0
DA:65,0
DA:69,0
DA:70,0
DA:72,0
DA:73,0
DA:77,0
DA:78,0
DA:79,0
DA:80,0
DA:81,0
DA:84,0
DA:87,0
DA:90,0
DA:91,0
DA:92,0
DA:94,0
DA:95,0
DA:96,0
DA:100,0
DA:101,0
DA:102,0
DA:103,0
DA:104,0
DA:105,0
DA:106,0
DA:107,0
DA:108,0
DA:109,0
DA:110,0
DA:113,0
DA:119,0
DA:120,0
DA:121,0
DA:122,0
DA:123,0
DA:126,0
DA:129,0
DA:131,0
DA:132,0
DA:133,0
DA:136,0
DA:137,0
DA:139,0
DA:141,0
DA:142,0
DA:143,0
DA:145,0
DA:146,0
DA:147,0
DA:149,0
DA:150,0
DA:151,0
DA:152,0
DA:154,0
DA:157,0
DA:158,0
DA:160,0
DA:161,0
DA:162,0
DA:164,0
DA:165,0
DA:166,0
DA:167,0
DA:168,0
DA:169,0
DA:170,0
DA:171,0
DA:172,0
DA:173,0
DA:174,0
DA:177,0
LF:93
LH:13
end_of_record
SF:lib\constants\url.dart
DA:8,0
LF:1
LH:0
end_of_record
SF:lib\database\dao\adresse_dao.dart
DA:10,2
DA:12,0
DA:13,0
DA:16,0
LF:4
LH:1
end_of_record
SF:lib\database\dao\adresse_dao.g.dart
DA:10,0
LF:1
LH:0
end_of_record
SF:lib\database\madera_database.g.dart
DA:14,0
DA:18,0
DA:22,0
DA:23,0
DA:24,0
DA:26,0
DA:28,0
DA:30,0
DA:33,0
DA:35,0
DA:36,0
DA:37,0
DA:38,0
DA:41,0
DA:44,0
DA:45,0
DA:46,0
DA:47,0
DA:51,0
DA:53,0
DA:54,0
DA:56,0
DA:58,0
DA:60,0
DA:64,0
DA:65,0
DA:66,0
DA:67,0
DA:68,0
DA:70,0
DA:72,0
DA:73,0
DA:74,0
DA:75,0
DA:76,0
DA:77,0
DA:80,0
DA:81,0
DA:82,0
DA:83,0
DA:86,0
DA:87,0
DA:88,0
DA:89,0
DA:96,0
DA:101,0
DA:105,0
DA:106,0
DA:107,0
DA:108,0
DA:110,0
DA:111,0
DA:112,0
DA:113,0
DA:122,0
DA:126,0
DA:128,0
DA:129,0
DA:130,0
DA:132,0
DA:139,0
DA:140,0
DA:141,0
DA:142,0
DA:144,0
DA:151,0
DA:152,0
DA:153,0
DA:154,0
DA:156,0
DA:161,0
DA:162,0
DA:163,0
DA:165,0
DA:166,0
DA:169,0
DA:172,0
DA:173,0
DA:174,0
DA:175,0
DA:176,0
DA:177,0
DA:178,0
DA:179,0
DA:181,0
DA:182,0
DA:183,0
DA:184,0
DA:185,0
DA:187,0
DA:188,0
DA:189,0
DA:190,0
DA:191,0
DA:196,0
DA:198,0
DA:200,0
DA:201,0
DA:204,0
DA:206,0
DA:207,0
DA:208,0
DA:210,0
DA:211,0
DA:213,0
DA:214,0
DA:219,0
DA:221,0
DA:234,0
DA:243,0
DA:247,0
DA:248,0
DA:249,0
DA:250,0
DA:252,0
DA:253,0
DA:254,0
DA:256,0
DA:258,0
DA:259,0
DA:260,0
DA:261,0
DA:262,0
DA:264,0
DA:266,0
DA:269,0
DA:271,0
DA:272,0
DA:273,0
DA:274,0
DA:275,0
DA:277,0
DA:279,0
DA:280,0
DA:281,0
DA:284,0
DA:287,0
DA:288,0
DA:289,0
DA:290,0
DA:291,0
DA:292,0
DA:294,0
DA:295,0
DA:296,0
DA:300,0
DA:302,0
DA:303,0
DA:305,0
DA:306,0
DA:308,0
DA:309,0
DA:311,0
DA:312,0
DA:314,0
DA:315,0
DA:317,0
DA:319,0
DA:321,0
DA:322,0
DA:324,0
DA:325,0
DA:327,0
DA:331,0
DA:340,0
DA:341,0
DA:342,0
DA:343,0
DA:344,0
DA:346,0
DA:348,0
DA:349,0
DA:350,0
DA:352,0
DA:354,0
DA:355,0
DA:356,0
DA:357,0
DA:358,0
DA:359,0
DA:360,0
DA:361,0
DA:362,0
DA:363,0
DA:364,0
DA:367,0
DA:368,0
DA:369,0
DA:370,0
DA:371,0
DA:372,0
DA:373,0
DA:374,0
DA:375,0
DA:376,0
DA:377,0
DA:378,0
DA:379,0
DA:380,0
DA:383,0
DA:384,0
DA:385,0
DA:386,0
DA:387,0
DA:388,0
DA:389,0
DA:390,0
DA:391,0
DA:403,0
DA:413,0
DA:422,0
DA:423,0
DA:424,0
DA:425,0
DA:426,0
DA:427,0
DA:428,0
DA:429,0
DA:438,0
DA:439,0
DA:440,0
DA:441,0
DA:442,0
DA:444,0
DA:446,0
DA:447,0
DA:448,0
DA:457,0
DA:461,0
DA:463,0
DA:464,0
DA:465,0
DA:467,0
DA:475,0
DA:477,0
DA:478,0
DA:479,0
DA:481,0
DA:489,0
DA:491,0
DA:492,0
DA:493,0
DA:495,0
DA:502,0
DA:503,0
DA:504,0
DA:505,0
DA:507,0
DA:515,0
DA:517,0
DA:518,0
DA:519,0
DA:521,0
DA:529,0
DA:531,0
DA:532,0
DA:533,0
DA:535,0
DA:542,0
DA:543,0
DA:544,0
DA:545,0
DA:547,0
DA:554,0
DA:555,0
DA:556,0
DA:557,0
DA:559,0
DA:564,0
DA:565,0
DA:566,0
DA:567,0
DA:568,0
DA:569,0
DA:570,0
DA:571,0
DA:572,0
DA:573,0
DA:575,0
DA:577,0
DA:578,0
DA:581,0
DA:584,0
DA:585,0
DA:586,0
DA:587,0
DA:588,0
DA:589,0
DA:591,0
DA:592,0
DA:593,0
DA:594,0
DA:595,0
DA:596,0
DA:597,0
DA:599,0
DA:600,0
DA:601,0
DA:602,0
DA:603,0
DA:604,0
DA:605,0
DA:607,0
DA:608,0
DA:609,0
DA:610,0
DA:611,0
DA:613,0
DA:614,0
DA:615,0
DA:616,0
DA:617,0
DA:618,0
DA:619,0
DA:621,0
DA:622,0
DA:623,0
DA:624,0
DA:625,0
DA:626,0
DA:627,0
DA:628,0
DA:630,0
DA:631,0
DA:632,0
DA:633,0
DA:634,0
DA:636,0
DA:637,0
DA:638,0
DA:639,0
DA:640,0
DA:645,0
DA:647,0
DA:649,0
DA:650,0
DA:653,0
DA:655,0
DA:656,0
DA:657,0
DA:659,0
DA:660,0
DA:661,0
DA:663,0
DA:664,0
DA:665,0
DA:667,0
DA:668,0
DA:670,0
DA:671,0
DA:672,0
DA:674,0
DA:675,0
DA:676,0
DA:678,0
DA:679,0
DA:681,0
DA:682,0
DA:687,0
DA:689,0
DA:696,0
DA:697,0
DA:700,0
DA:701,0
DA:702,0
DA:704,0
DA:706,0
DA:709,0
DA:711,0
DA:712,0
DA:713,0
DA:716,0
DA:719,0
DA:720,0
DA:721,0
DA:725,0
DA:727,0
DA:728,0
DA:730,0
DA:731,0
DA:733,0
DA:737,0
DA:738,0
DA:739,0
DA:741,0
DA:743,0
DA:744,0
DA:745,0
DA:746,0
DA:747,0
DA:750,0
DA:751,0
DA:752,0
DA:755,0
DA:756,0
DA:757,0
DA:763,0
DA:767,0
DA:770,0
DA:771,0
DA:772,0
DA:773,0
DA:774,0
DA:775,0
DA:783,0
DA:786,0
DA:787,0
DA:788,0
DA:789,0
DA:791,0
DA:799,0
DA:801,0
DA:802,0
DA:803,0
DA:805,0
DA:810,0
DA:811,0
DA:812,0
DA:814,0
DA:815,0
DA:818,0
DA:821,0
DA:822,0
DA:823,0
DA:824,0
DA:825,0
DA:826,0
DA:828,0
DA:829,0
DA:830,0
DA:831,0
DA:832,0
DA:833,0
DA:834,0
DA:839,0
DA:841,0
DA:843,0
DA:844,0
DA:847,0
DA:849,0
DA:850,0
DA:851,0
DA:853,0
DA:854,0
DA:855,0
DA:860,0
DA:862,0
DA:876,0
DA:886,0
DA:889,0
DA:890,0
DA:891,0
DA:892,0
DA:894,0
DA:896,0
DA:897,0
DA:898,0
DA:899,0
DA:900,0
DA:902,0
DA:903,0
DA:905,0
DA:907,0
DA:909,0
DA:912,0
DA:914,0
DA:915,0
DA:916,0
DA:918,0
DA:920,0
DA:921,0
DA:922,0
DA:923,0
DA:924,0
DA:925,0
DA:928,0
DA:931,0
DA:932,0
DA:933,0
DA:934,0
DA:936,0
DA:937,0
DA:938,0
DA:939,0
DA:940,0
DA:941,0
DA:945,0
DA:947,0
DA:948,0
DA:950,0
DA:951,0
DA:953,0
DA:954,0
DA:956,0
DA:958,0
DA:960,0
DA:961,0
DA:963,0
DA:964,0
DA:966,0
DA:967,0
DA:969,0
DA:971,0
DA:975,0
DA:985,0
DA:986,0
DA:987,0
DA:988,0
DA:990,0
DA:991,0
DA:992,0
DA:993,0
DA:994,0
DA:995,0
DA:997,0
DA:999,0
DA:1000,0
DA:1001,0
DA:1002,0
DA:1003,0
DA:1004,0
DA:1005,0
DA:1006,0
DA:1007,0
DA:1008,0
DA:1009,0
DA:1010,0
DA:1013,0
DA:1014,0
DA:1015,0
DA:1016,0
DA:1017,0
DA:1018,0
DA:1019,0
DA:1020,0
DA:1021,0
DA:1022,0
DA:1023,0
DA:1024,0
DA:1025,0
DA:1026,0
DA:1027,0
DA:1028,0
DA:1029,0
DA:1030,0
DA:1033,0
DA:1034,0
DA:1035,0
DA:1036,0
DA:1037,0
DA:1038,0
DA:1039,0
DA:1040,0
DA:1041,0
DA:1042,0
DA:1055,0
DA:1066,0
DA:1076,0
DA:1077,0
DA:1078,0
DA:1079,0
DA:1080,0
DA:1081,0
DA:1082,0
DA:1083,0
DA:1084,0
DA:1085,0
DA:1095,0
DA:1096,0
DA:1097,0
DA:1098,0
DA:1100,0
DA:1101,0
DA:1102,0
DA:1103,0
DA:1104,0
DA:1105,0
DA:1113,0
DA:1116,0
DA:1117,0
DA:1118,0
DA:1119,0
DA:1121,0
DA:1128,0
DA:1129,0
DA:1130,0
DA:1131,0
DA:1133,0
DA:1141,0
DA:1143,0
DA:1144,0
DA:1145,0
DA:1147,0
DA:1155,0
DA:1157,0
DA:1158,0
DA:1159,0
DA:1161,0
DA:1168,0
DA:1169,0
DA:1170,0
DA:1171,0
DA:1173,0
DA:1180,0
DA:1181,0
DA:1182,0
DA:1183,0
DA:1185,0
DA:1192,0
DA:1193,0
DA:1194,0
DA:1195,0
DA:1197,0
DA:1205,0
DA:1207,0
DA:1208,0
DA:1209,0
DA:1211,0
DA:1218,0
DA:1219,0
DA:1220,0
DA:1221,0
DA:1223,0
DA:1228,0
DA:1229,0
DA:1230,0
DA:1231,0
DA:1232,0
DA:1233,0
DA:1234,0
DA:1235,0
DA:1236,0
DA:1237,0
DA:1238,0
DA:1240,0
DA:1242,0
DA:1243,0
DA:1246,0
DA:1249,0
DA:1250,0
DA:1251,0
DA:1252,0
DA:1253,0
DA:1254,0
DA:1256,0
DA:1257,0
DA:1258,0
DA:1259,0
DA:1260,0
DA:1262,0
DA:1263,0
DA:1264,0
DA:1265,0
DA:1266,0
DA:1267,0
DA:1268,0
DA:1270,0
DA:1271,0
DA:1272,0
DA:1273,0
DA:1274,0
DA:1275,0
DA:1276,0
DA:1277,0
DA:1279,0
DA:1280,0
DA:1281,0
DA:1282,0
DA:1283,0
DA:1285,0
DA:1286,0
DA:1287,0
DA:1288,0
DA:1290,0
DA:1291,0
DA:1292,0
DA:1293,0
DA:1294,0
DA:1296,0
DA:1297,0
DA:1298,0
DA:1299,0
DA:1300,0
DA:1301,0
DA:1302,0
DA:1304,0
DA:1305,0
DA:1306,0
DA:1307,0
DA:1308,0
DA:1313,0
DA:1315,0
DA:1317,0
DA:1318,0
DA:1321,0
DA:1323,0
DA:1324,0
DA:1325,0
DA:1327,0
DA:1328,0
DA:1330,0
DA:1331,0
DA:1332,0
DA:1334,0
DA:1335,0
DA:1336,0
DA:1338,0
DA:1339,0
DA:1341,0
DA:1342,0
DA:1344,0
DA:1345,0
DA:1347,0
DA:1348,0
DA:1350,0
DA:1351,0
DA:1356,0
DA:1358,0
DA:1367,0
DA:1371,0
DA:1375,0
DA:1376,0
DA:1378,0
DA:1380,0
DA:1381,0
DA:1384,0
DA:1386,0
DA:1387,0
DA:1388,0
DA:1389,0
DA:1392,0
DA:1395,0
DA:1396,0
DA:1397,0
DA:1398,0
DA:1402,0
DA:1404,0
DA:1405,0
DA:1407,0
DA:1408,0
DA:1410,0
DA:1412,0
DA:1416,0
DA:1417,0
DA:1418,0
DA:1419,0
DA:1420,0
DA:1422,0
DA:1424,0
DA:1425,0
DA:1426,0
DA:1427,0
DA:1428,0
DA:1429,0
DA:1432,0
DA:1433,0
DA:1434,0
DA:1435,0
DA:1438,0
DA:1439,0
DA:1440,0
DA:1441,0
DA:1448,0
DA:1453,0
DA:1457,0
DA:1458,0
DA:1459,0
DA:1460,0
DA:1462,0
DA:1463,0
DA:1464,0
DA:1465,0
DA:1474,0
DA:1477,0
DA:1478,0
DA:1479,0
DA:1480,0
DA:1482,0
DA:1490,0
DA:1492,0
DA:1493,0
DA:1494,0
DA:1496,0
DA:1503,0
DA:1504,0
DA:1505,0
DA:1506,0
DA:1508,0
DA:1513,0
DA:1514,0
DA:1515,0
DA:1517,0
DA:1518,0
DA:1521,0
DA:1524,0
DA:1525,0
DA:1526,0
DA:1527,0
DA:1528,0
DA:1529,0
DA:1531,0
DA:1532,0
DA:1533,0
DA:1534,0
DA:1535,0
DA:1537,0
DA:1538,0
DA:1539,0
DA:1540,0
DA:1541,0
DA:1546,0
DA:1548,0
DA:1550,0
DA:1551,0
DA:1554,0
DA:1556,0
DA:1557,0
DA:1558,0
DA:1560,0
DA:1561,0
DA:1563,0
DA:1564,0
DA:1569,0
DA:1571,0
DA:1579,0
DA:1583,0
DA:1587,0
DA:1588,0
DA:1589,0
DA:1591,0
DA:1592,0
DA:1593,0
DA:1595,0
DA:1598,0
DA:1600,0
DA:1601,0
DA:1602,0
DA:1603,0
DA:1606,0
DA:1609,0
DA:1610,0
DA:1611,0
DA:1612,0
DA:1616,0
DA:1618,0
DA:1619,0
DA:1621,0
DA:1622,0
DA:1624,0
DA:1625,0
DA:1627,0
DA:1631,0
DA:1633,0
DA:1634,0
DA:1635,0
DA:1636,0
DA:1638,0
DA:1640,0
DA:1641,0
DA:1642,0
DA:1643,0
DA:1644,0
DA:1645,0
DA:1648,0
DA:1649,0
DA:1650,0
DA:1651,0
DA:1654,0
DA:1655,0
DA:1656,0
DA:1657,0
DA:1664,0
DA:1669,0
DA:1673,0
DA:1674,0
DA:1675,0
DA:1676,0
DA:1680,0
DA:1681,0
DA:1682,0
DA:1683,0
DA:1692,0
DA:1696,0
DA:1698,0
DA:1699,0
DA:1700,0
DA:1702,0
DA:1710,0
DA:1712,0
DA:1713,0
DA:1714,0
DA:1716,0
DA:1724,0
DA:1726,0
DA:1727,0
DA:1728,0
DA:1730,0
DA:1735,0
DA:1737,0
DA:1738,0
DA:1740,0
DA:1741,0
DA:1744,0
DA:1747,0
DA:1748,0
DA:1749,0
DA:1750,0
DA:1751,0
DA:1752,0
DA:1754,0
DA:1755,0
DA:1756,0
DA:1757,0
DA:1758,0
DA:1759,0
DA:1760,0
DA:1762,0
DA:1763,0
DA:1764,0
DA:1765,0
DA:1766,0
DA:1767,0
DA:1768,0
DA:1773,0
DA:1775,0
DA:1777,0
DA:1778,0
DA:1781,0
DA:1783,0
DA:1784,0
DA:1785,0
DA:1787,0
DA:1788,0
DA:1789,0
DA:1791,0
DA:1792,0
DA:1793,0
DA:1798,0
DA:1800,0
DA:1810,0
DA:1816,0
DA:1819,0
DA:1820,0
DA:1821,0
DA:1822,0
DA:1823,0
DA:1825,0
DA:1827,0
DA:1828,0
DA:1831,0
DA:1833,0
DA:1834,0
DA:1835,0
DA:1836,0
DA:1837,0
DA:1838,0
DA:1841,0
DA:1844,0
DA:1845,0
DA:1846,0
DA:1847,0
DA:1848,0
DA:1849,0
DA:1853,0
DA:1855,0
DA:1856,0
DA:1857,0
DA:1859,0
DA:1861,0
DA:1862,0
DA:1866,0
DA:1868,0
DA:1869,0
DA:1870,0
DA:1871,0
DA:1872,0
DA:1873,0
DA:1875,0
DA:1877,0
DA:1878,0
DA:1879,0
DA:1880,0
DA:1881,0
DA:1882,0
DA:1883,0
DA:1884,0
DA:1887,0
DA:1888,0
DA:1889,0
DA:1890,0
DA:1891,0
DA:1892,0
DA:1895,0
DA:1896,0
DA:1897,0
DA:1898,0
DA:1899,0
DA:1900,0
DA:1909,0
DA:1916,0
DA:1922,0
DA:1923,0
DA:1924,0
DA:1925,0
DA:1926,0
DA:1932,0
DA:1933,0
DA:1934,0
DA:1935,0
DA:1936,0
DA:1937,0
DA:1945,0
DA:1948,0
DA:1949,0
DA:1950,0
DA:1951,0
DA:1957,0
DA:1958,0
DA:1959,0
DA:1960,0
DA:1966,0
DA:1967,0
DA:1968,0
DA:1969,0
DA:1975,0
DA:1976,0
DA:1977,0
DA:1978,0
DA:1984,0
DA:1985,0
DA:1986,0
DA:1987,0
DA:1991,0
DA:1992,0
DA:1993,0
DA:1995,0
DA:1996,0
DA:1999,0
DA:2002,0
DA:2003,0
DA:2004,0
DA:2005,0
DA:2006,0
DA:2008,0
DA:2009,0
DA:2010,0
DA:2011,0
DA:2013,0
DA:2014,0
DA:2015,0
DA:2016,0
DA:2017,0
DA:2019,0
DA:2020,0
DA:2021,0
DA:2022,0
DA:2023,0
DA:2025,0
DA:2026,0
DA:2027,0
DA:2028,0
DA:2029,0
DA:2034,0
DA:2035,0
DA:2036,0
DA:2038,0
DA:2039,0
DA:2042,0
DA:2044,0
DA:2045,0
DA:2046,0
DA:2048,0
DA:2049,0
DA:2051,0
DA:2052,0
DA:2054,0
DA:2055,0
DA:2057,0
DA:2058,0
DA:2063,0
DA:2065,0
DA:2076,0
DA:2083,0
DA:2086,0
DA:2087,0
DA:2088,0
DA:2090,0
DA:2092,0
DA:2094,0
DA:2095,0
DA:2097,0
DA:2099,0
DA:2102,0
DA:2104,0
DA:2105,0
DA:2106,0
DA:2107,0
DA:2108,0
DA:2109,0
DA:2110,0
DA:2113,0
DA:2116,0
DA:2117,0
DA:2118,0
DA:2119,0
DA:2120,0
DA:2121,0
DA:2122,0
DA:2126,0
DA:2128,0
DA:2129,0
DA:2131,0
DA:2133,0
DA:2134,0
DA:2136,0
DA:2137,0
DA:2138,0
DA:2140,0
DA:2142,0
DA:2146,0
DA:2153,0
DA:2154,0
DA:2155,0
DA:2156,0
DA:2157,0
DA:2158,0
DA:2159,0
DA:2161,0
DA:2163,0
DA:2164,0
DA:2165,0
DA:2166,0
DA:2167,0
DA:2168,0
DA:2169,0
DA:2170,0
DA:2171,0
DA:2174,0
DA:2175,0
DA:2176,0
DA:2177,0
DA:2178,0
DA:2179,0
DA:2180,0
DA:2181,0
DA:2182,0
DA:2183,0
DA:2186,0
DA:2187,0
DA:2188,0
DA:2189,0
DA:2190,0
DA:2191,0
DA:2192,0
DA:2202,0
DA:2210,0
DA:2217,0
DA:2218,0
DA:2219,0
DA:2220,0
DA:2221,0
DA:2222,0
DA:2229,0
DA:2230,0
DA:2231,0
DA:2232,0
DA:2233,0
DA:2234,0
DA:2235,0
DA:2243,0
DA:2246,0
DA:2247,0
DA:2248,0
DA:2249,0
DA:2255,0
DA:2256,0
DA:2257,0
DA:2258,0
DA:2265,0
DA:2267,0
DA:2268,0
DA:2269,0
DA:2275,0
DA:2276,0
DA:2277,0
DA:2278,0
DA:2284,0
DA:2285,0
DA:2286,0
DA:2287,0
DA:2293,0
DA:2294,0
DA:2295,0
DA:2296,0
DA:2300,0
DA:2302,0
DA:2303,0
DA:2305,0
DA:2306,0
DA:2309,0
DA:2312,0
DA:2313,0
DA:2314,0
DA:2315,0
DA:2316,0
DA:2317,0
DA:2319,0
DA:2320,0
DA:2321,0
DA:2322,0
DA:2323,0
DA:2325,0
DA:2326,0
DA:2327,0
DA:2328,0
DA:2329,0
DA:2331,0
DA:2332,0
DA:2333,0
DA:2334,0
DA:2336,0
DA:2337,0
DA:2338,0
DA:2339,0
DA:2340,0
DA:2342,0
DA:2343,0
DA:2344,0
DA:2345,0
DA:2346,0
DA:2351,0
DA:2352,0
DA:2353,0
DA:2355,0
DA:2356,0
DA:2359,0
DA:2361,0
DA:2362,0
DA:2363,0
DA:2365,0
DA:2366,0
DA:2368,0
DA:2369,0
DA:2371,0
DA:2372,0
DA:2374,0
DA:2375,0
DA:2377,0
DA:2378,0
DA:2383,0
DA:2385,0
DA:2394,0
DA:2398,0
DA:2402,0
DA:2403,0
DA:2404,0
DA:2406,0
DA:2408,0
DA:2409,0
DA:2410,0
DA:2413,0
DA:2415,0
DA:2416,0
DA:2417,0
DA:2418,0
DA:2421,0
DA:2424,0
DA:2425,0
DA:2426,0
DA:2427,0
DA:2431,0
DA:2433,0
DA:2434,0
DA:2436,0
DA:2437,0
DA:2439,0
DA:2440,0
DA:2442,0
DA:2446,0
DA:2448,0
DA:2449,0
DA:2450,0
DA:2451,0
DA:2453,0
DA:2455,0
DA:2456,0
DA:2457,0
DA:2458,0
DA:2459,0
DA:2460,0
DA:2463,0
DA:2464,0
DA:2465,0
DA:2466,0
DA:2469,0
DA:2470,0
DA:2471,0
DA:2472,0
DA:2479,0
DA:2484,0
DA:2488,0
DA:2489,0
DA:2490,0
DA:2491,0
DA:2495,0
DA:2496,0
DA:2497,0
DA:2498,0
DA:2507,0
DA:2510,0
DA:2511,0
DA:2512,0
DA:2513,0
DA:2515,0
DA:2522,0
DA:2523,0
DA:2524,0
DA:2525,0
DA:2527,0
DA:2535,0
DA:2537,0
DA:2538,0
DA:2539,0
DA:2541,0
DA:2546,0
DA:2548,0
DA:2549,0
DA:2551,0
DA:2552,0
DA:2555,0
DA:2558,0
DA:2559,0
DA:2560,0
DA:2561,0
DA:2562,0
DA:2563,0
DA:2565,0
DA:2566,0
DA:2567,0
DA:2568,0
DA:2569,0
DA:2571,0
DA:2572,0
DA:2573,0
DA:2574,0
DA:2575,0
DA:2576,0
DA:2577,0
DA:2582,0
DA:2584,0
DA:2586,0
DA:2587,0
DA:2590,0
DA:2592,0
DA:2593,0
DA:2594,0
DA:2596,0
DA:2597,0
DA:2599,0
DA:2600,0
DA:2601,0
DA:2606,0
DA:2608,0
DA:2620,0
DA:2628,0
DA:2631,0
DA:2632,0
DA:2633,0
DA:2634,0
DA:2635,0
DA:2637,0
DA:2639,0
DA:2641,0
DA:2643,0
DA:2644,0
DA:2646,0
DA:2648,0
DA:2651,0
DA:2653,0
DA:2654,0
DA:2655,0
DA:2656,0
DA:2657,0
DA:2658,0
DA:2659,0
DA:2660,0
DA:2663,0
DA:2666,0
DA:2667,0
DA:2668,0
DA:2669,0
DA:2670,0
DA:2671,0
DA:2672,0
DA:2673,0
DA:2677,0
DA:2679,0
DA:2680,0
DA:2682,0
DA:2683,0
DA:2685,0
DA:2686,0
DA:2688,0
DA:2689,0
DA:2691,0
DA:2692,0
DA:2693,0
DA:2695,0
DA:2696,0
DA:2698,0
DA:2702,0
DA:2710,0
DA:2711,0
DA:2712,0
DA:2713,0
DA:2714,0
DA:2715,0
DA:2716,0
DA:2717,0
DA:2719,0
DA:2721,0
DA:2722,0
DA:2723,0
DA:2724,0
DA:2725,0
DA:2726,0
DA:2727,0
DA:2728,0
DA:2729,0
DA:2730,0
DA:2733,0
DA:2734,0
DA:2735,0
DA:2736,0
DA:2737,0
DA:2738,0
DA:2739,0
DA:2740,0
DA:2741,0
DA:2742,0
DA:2743,0
DA:2744,0
DA:2747,0
DA:2748,0
DA:2749,0
DA:2750,0
DA:2751,0
DA:2752,0
DA:2753,0
DA:2754,0
DA:2765,0
DA:2774,0
DA:2782,0
DA:2783,0
DA:2784,0
DA:2785,0
DA:2786,0
DA:2787,0
DA:2788,0
DA:2796,0
DA:2797,0
DA:2798,0
DA:2799,0
DA:2800,0
DA:2801,0
DA:2802,0
DA:2803,0
DA:2811,0
DA:2814,0
DA:2815,0
DA:2816,0
DA:2817,0
DA:2823,0
DA:2824,0
DA:2825,0
DA:2826,0
DA:2832,0
DA:2833,0
DA:2834,0
DA:2835,0
DA:2841,0
DA:2843,0
DA:2844,0
DA:2845,0
DA:2847,0
DA:2854,0
DA:2855,0
DA:2856,0
DA:2857,0
DA:2859,0
DA:2866,0
DA:2867,0
DA:2868,0
DA:2869,0
DA:2871,0
DA:2879,0
DA:2881,0
DA:2882,0
DA:2883,0
DA:2885,0
DA:2890,0
DA:2892,0
DA:2893,0
DA:2895,0
DA:2896,0
DA:2899,0
DA:2902,0
DA:2903,0
DA:2904,0
DA:2905,0
DA:2906,0
DA:2907,0
DA:2909,0
DA:2910,0
DA:2911,0
DA:2912,0
DA:2913,0
DA:2915,0
DA:2916,0
DA:2917,0
DA:2918,0
DA:2919,0
DA:2921,0
DA:2922,0
DA:2923,0
DA:2924,0
DA:2925,0
DA:2927,0
DA:2928,0
DA:2929,0
DA:2930,0
DA:2931,0
DA:2933,0
DA:2934,0
DA:2935,0
DA:2936,0
DA:2937,0
DA:2939,0
DA:2940,0
DA:2941,0
DA:2942,0
DA:2943,0
DA:2948,0
DA:2949,0
DA:2950,0
DA:2952,0
DA:2953,0
DA:2956,0
DA:2958,0
DA:2959,0
DA:2960,0
DA:2962,0
DA:2963,0
DA:2965,0
DA:2966,0
DA:2968,0
DA:2969,0
DA:2971,0
DA:2972,0
DA:2974,0
DA:2975,0
DA:2977,0
DA:2978,0
DA:2983,0
DA:2985,0
DA:2994,0
DA:2998,0
DA:3002,0
DA:3003,0
DA:3005,0
DA:3007,0
DA:3009,0
DA:3012,0
DA:3014,0
DA:3015,0
DA:3016,0
DA:3017,0
DA:3020,0
DA:3023,0
DA:3024,0
DA:3025,0
DA:3026,0
DA:3030,0
DA:3032,0
DA:3033,0
DA:3035,0
DA:3036,0
DA:3038,0
DA:3039,0
DA:3041,0
DA:3045,0
DA:3046,0
DA:3047,0
DA:3048,0
DA:3049,0
DA:3051,0
DA:3053,0
DA:3054,0
DA:3055,0
DA:3056,0
DA:3057,0
DA:3058,0
DA:3061,0
DA:3062,0
DA:3063,0
DA:3064,0
DA:3067,0
DA:3068,0
DA:3069,0
DA:3070,0
DA:3077,0
DA:3082,0
DA:3086,0
DA:3087,0
DA:3088,0
DA:3090,0
DA:3091,0
DA:3092,0
DA:3093,0
DA:3102,0
DA:3106,0
DA:3108,0
DA:3109,0
DA:3110,0
DA:3116,0
DA:3117,0
DA:3118,0
DA:3119,0
DA:3121,0
DA:3128,0
DA:3129,0
DA:3130,0
DA:3131,0
DA:3133,0
DA:3138,0
DA:3139,0
DA:3140,0
DA:3142,0
DA:3143,0
DA:3146,0
DA:3149,0
DA:3150,0
DA:3151,0
DA:3152,0
DA:3153,0
DA:3154,0
DA:3155,0
DA:3156,0
DA:3158,0
DA:3159,0
DA:3160,0
DA:3161,0
DA:3162,0
DA:3164,0
DA:3165,0
DA:3166,0
DA:3167,0
DA:3168,0
DA:3173,0
DA:3174,0
DA:3175,0
DA:3177,0
DA:3178,0
DA:3181,0
DA:3183,0
DA:3184,0
DA:3185,0
DA:3187,0
DA:3188,0
DA:3190,0
DA:3191,0
DA:3196,0
DA:3198,0
DA:3203,2
DA:3205,0
DA:3207,0
DA:3209,0
DA:3211,0
DA:3213,0
DA:3214,0
DA:3216,0
DA:3218,0
DA:3220,0
DA:3222,0
DA:3223,0
DA:3225,0
DA:3227,0
DA:3228,0
DA:3229,0
DA:3230,0
DA:3231,0
DA:3232,0
DA:3233,0
DA:3234,0
DA:3235,0
DA:3236,0
DA:3237,0
DA:3238,0
DA:3239,0
DA:3240,0
DA:3241,0
LF:1701
LH:1
end_of_record
SF:lib\database\madera_database.dart
DA:27,1
DA:28,1
DA:29,1
DA:34,0
DA:37,0
DA:38,0
DA:39,0
DA:40,0
DA:43,0
DA:45,0
DA:46,0
DA:48,0
DA:49,0
DA:50,0
DA:52,0
DA:53,0
DA:55,0
DA:56,0
DA:57,0
DA:58,0
DA:59,0
DA:60,0
LF:22
LH:3
end_of_record
SF:lib\database\tables\adresse.dart
DA:4,0
DA:6,0
DA:8,0
DA:10,0
DA:12,0
DA:14,0
LF:6
LH:0
end_of_record
SF:lib\database\dao\client_adresse_dao.dart
DA:10,2
DA:12,0
DA:13,0
DA:16,0
LF:4
LH:1
end_of_record
SF:lib\database\dao\client_adresse_dao.g.dart
DA:10,0
LF:1
LH:0
end_of_record
SF:lib\database\tables\client_adresse.dart
DA:4,0
DA:6,0
DA:8,0
LF:3
LH:0
end_of_record
SF:lib\database\dao\client_dao.g.dart
DA:10,0
LF:1
LH:0
end_of_record
SF:lib\database\dao\client_dao.dart
DA:9,2
DA:11,0
DA:12,0
DA:15,0
LF:4
LH:1
end_of_record
SF:lib\database\tables\client.dart
DA:4,0
DA:6,0
DA:7,0
DA:9,0
DA:12,0
DA:14,0
DA:17,0
DA:19,0
DA:22,0
DA:24,0
DA:27,0
LF:11
LH:0
end_of_record
SF:lib\database\dao\composant_dao.dart
DA:10,2
DA:12,0
DA:13,0
DA:16,0
LF:4
LH:1
end_of_record
SF:lib\database\dao\composant_dao.g.dart
DA:10,0
LF:1
LH:0
end_of_record
SF:lib\database\tables\composant.dart
DA:5,0
DA:8,0
DA:10,0
DA:12,0
DA:15,0
DA:17,0
DA:19,0
DA:21,0
LF:8
LH:0
end_of_record
SF:lib\database\dao\database_dao.dart
DA:11,0
DA:14,0
DA:15,0
LF:3
LH:0
end_of_record
SF:lib\database\dao\database_dao.g.dart
DA:10,0
LF:1
LH:0
end_of_record
SF:lib\database\tables\utilisateur.dart
DA:5,0
DA:6,0
DA:7,0
LF:3
LH:0
end_of_record
SF:lib\database\dao\devis_etat_dao.dart
DA:10,2
DA:12,0
DA:13,0
DA:16,0
DA:25,0
DA:26,0
LF:6
LH:1
end_of_record
SF:lib\database\dao\devis_etat_dao.g.dart
DA:10,0
LF:1
LH:0
end_of_record
SF:lib\database\tables\devis_etat.dart
DA:6,0
DA:8,0
DA:10,0
LF:3
LH:0
end_of_record
SF:lib\database\dao\gamme_dao.dart
DA:9,2
DA:11,0
DA:12,0
DA:15,0
LF:4
LH:1
end_of_record
SF:lib\database\dao\gamme_dao.g.dart
DA:10,0
LF:1
LH:0
end_of_record
SF:lib\database\tables\gamme.dart
DA:5,0
DA:7,0
LF:2
LH:0
end_of_record
SF:lib\database\dao\module_composant_dao.g.dart
DA:10,0
LF:1
LH:0
end_of_record
SF:lib\database\dao\module_composant_dao.dart
DA:10,2
DA:12,0
DA:13,0
DA:16,0
LF:4
LH:1
end_of_record
SF:lib\database\tables\module_composant.dart
DA:6,0
DA:8,0
DA:10,0
LF:3
LH:0
end_of_record
SF:lib\database\dao\module_dao.dart
DA:9,2
DA:11,0
DA:12,0
DA:15,0
LF:4
LH:1
end_of_record
SF:lib\database\dao\module_dao.g.dart
DA:10,0
LF:1
LH:0
end_of_record
SF:lib\database\tables\module.dart
DA:5,0
DA:7,0
DA:11,0
DA:13,0
DA:15,0
DA:18,0
DA:20,0
DA:22,0
DA:24,0
LF:9
LH:0
end_of_record
SF:lib\database\dao\projet_dao.g.dart
DA:10,0
LF:1
LH:0
end_of_record
SF:lib\database\dao\projet_dao.dart
DA:9,2
DA:11,0
DA:12,0
DA:15,0
LF:4
LH:1
end_of_record
SF:lib\database\tables\projet.dart
DA:5,0
DA:7,0
DA:8,0
DA:10,0
DA:12,0
DA:15,0
DA:17,0
DA:19,0
DA:21,0
LF:9
LH:0
end_of_record
SF:lib\database\dao\projet_module_dao.g.dart
DA:10,0
LF:1
LH:0
end_of_record
SF:lib\database\dao\projet_module_dao.dart
DA:10,2
DA:12,0
DA:13,0
DA:16,0
LF:4
LH:1
end_of_record
SF:lib\database\tables\projet_module.dart
DA:4,0
DA:6,0
DA:8,0
LF:3
LH:0
end_of_record
SF:lib\database\dao\utilisateur_dao.g.dart
DA:10,0
LF:1
LH:0
end_of_record
SF:lib\database\dao\utilisateur_dao.dart
DA:10,2
DA:13,0
DA:14,0
DA:15,0
DA:18,0
DA:19,0
DA:23,0
DA:24,0
LF:8
LH:1
end_of_record
SF:lib\providers\http_status.dart
DA:7,1
DA:8,1
DA:9,1
DA:10,1
DA:11,1
LF:5
LH:5
end_of_record
SF:lib\providers\models\navigation_model.dart
DA:12,0
LF:1
LH:0
end_of_record
SF:lib\providers\provider_login.dart
DA:25,2
DA:27,0
DA:29,0
DA:32,0
DA:34,0
DA:35,0
DA:36,0
DA:39,0
DA:41,0
DA:42,0
DA:45,0
DA:46,0
DA:49,0
DA:50,0
DA:51,0
DA:53,0
DA:54,0
DA:57,0
DA:58,0
DA:61,0
DA:68,0
DA:70,0
DA:71,0
DA:72,0
DA:76,0
DA:77,0
DA:82,0
DA:83,0
DA:84,0
DA:87,0
DA:89,0
DA:92,0
DA:93,0
DA:96,0
DA:98,0
DA:100,0
DA:101,0
DA:102,0
LF:38
LH:1
end_of_record
SF:lib\providers\provider_navigation.dart
DA:19,3
DA:21,2
DA:23,1
DA:26,3
DA:29,0
DA:31,0
DA:34,1
DA:46,1
DA:48,1
DA:49,2
DA:50,3
DA:51,2
DA:55,1
DA:57,1
DA:58,1
DA:59,2
DA:60,1
DA:61,2
DA:65,1
DA:67,0
DA:68,0
DA:69,0
DA:70,0
DA:71,0
DA:75,1
DA:77,0
DA:78,0
DA:79,0
DA:80,0
DA:81,0
DA:85,1
DA:87,0
DA:88,0
DA:89,0
DA:90,0
DA:91,0
DA:95,1
DA:97,0
DA:98,0
DA:99,0
DA:100,0
DA:101,0
DA:105,1
DA:107,0
DA:108,0
DA:109,0
DA:110,0
DA:111,0
DA:115,1
DA:117,0
DA:118,0
DA:119,0
DA:120,0
DA:121,0
DA:127,3
DA:128,1
DA:130,1
DA:131,2
DA:135,1
DA:138,0
DA:139,0
DA:141,0
DA:142,0
DA:143,0
DA:144,0
LF:65
LH:27
end_of_record
SF:lib\services\authentication\login_form_bloc.dart
DA:17,0
DA:18,0
DA:20,0
DA:21,0
DA:22,0
DA:23,0
DA:25,0
DA:26,0
DA:28,0
DA:29,0
DA:30,0
LF:11
LH:0
end_of_record
SF:lib\theme.dart
DA:15,0
DA:34,0
DA:56,0
LF:3
LH:0
end_of_record
SF:lib\ui\pages\add_module.dart
DA:19,0
DA:20,0
DA:29,0
DA:34,0
DA:36,0
DA:40,0
DA:42,0
DA:45,0
DA:47,0
DA:48,0
DA:49,0
DA:50,0
DA:52,0
DA:53,0
DA:54,0
DA:55,0
DA:56,0
DA:57,0
DA:58,0
DA:59,0
DA:63,0
DA:65,0
DA:66,0
DA:67,0
DA:68,0
DA:69,0
DA:71,0
DA:72,0
DA:73,0
DA:80,0
DA:81,0
DA:82,0
DA:84,0
LF:33
LH:0
end_of_record
SF:lib\ui\pages\authentication_page.dart
DA:23,0
DA:24,0
DA:37,0
DA:41,0
DA:43,0
DA:44,0
DA:45,0
DA:46,0
DA:49,0
DA:51,0
DA:52,0
DA:53,0
DA:54,0
DA:57,0
DA:59,0
DA:60,0
DA:61,0
DA:62,0
DA:64,0
DA:65,0
DA:66,0
DA:67,0
DA:68,0
DA:70,0
DA:71,0
DA:72,0
DA:73,0
DA:76,0
DA:79,0
DA:80,0
DA:82,0
DA:83,0
DA:84,0
DA:86,0
DA:91,0
DA:97,0
DA:98,0
DA:99,0
DA:104,0
DA:113,0
DA:114,0
DA:116,0
DA:117,0
DA:119,0
DA:121,0
DA:123,0
DA:125,0
DA:130,0
DA:131,0
DA:136,0
DA:137,0
DA:138,0
DA:139,0
DA:141,0
DA:144,0
DA:145,0
DA:146,0
DA:147,0
DA:148,0
DA:150,0
DA:152,0
DA:153,0
DA:156,0
DA:162,0
DA:163,0
DA:164,0
DA:166,0
DA:168,0
DA:170,0
DA:172,0
DA:178,0
DA:179,0
DA:184,0
DA:185,0
DA:186,0
DA:187,0
DA:189,0
DA:192,0
DA:193,0
DA:194,0
DA:195,0
DA:196,0
DA:198,0
DA:201,0
DA:203,0
DA:206,0
DA:213,0
DA:214,0
DA:215,0
DA:216,0
DA:217,0
DA:218,0
DA:219,0
DA:222,0
DA:229,0
DA:230,0
DA:231,0
DA:232,0
DA:233,0
DA:236,0
DA:237,0
DA:238,0
DA:239,0
DA:241,0
DA:243,0
DA:244,0
DA:245,0
DA:246,0
DA:248,0
DA:250,0
DA:254,0
DA:256,0
DA:257,0
DA:260,0
DA:262,0
DA:266,0
DA:268,0
DA:274,0
DA:280,0
DA:281,0
DA:283,0
DA:284,0
DA:285,0
DA:286,0
DA:287,0
DA:289,0
DA:290,0
DA:291,0
DA:292,0
DA:293,0
DA:294,0
LF:131
LH:0
end_of_record
SF:lib\ui\pages\home_page.dart
DA:26,0
DA:30,0
DA:32,0
DA:33,0
DA:34,0
DA:35,0
DA:37,0
DA:43,0
DA:44,0
DA:45,0
DA:46,0
DA:47,0
DA:49,0
DA:50,0
DA:51,0
DA:54,0
DA:55,0
DA:56,0
DA:59,0
DA:62,0
DA:81,0
DA:84,0
DA:85,0
DA:86,0
DA:88,0
DA:125,0
DA:128,0
DA:129,0
DA:130,0
DA:132,0
DA:135,0
DA:138,0
DA:139,0
DA:140,0
DA:142,0
DA:147,0
DA:150,0
DA:151,0
DA:154,0
DA:155,0
DA:157,0
DA:158,0
DA:159,0
DA:160,0
DA:161,0
DA:165,0
DA:168,0
DA:171,0
DA:172,0
DA:173,0
DA:175,0
DA:178,0
DA:181,0
DA:182,0
DA:183,0
DA:185,0
DA:195,0
DA:196,0
DA:199,0
DA:201,0
LF:60
LH:0
end_of_record
SF:lib\ui\pages\initialization_page.dart
DA:16,0
DA:17,0
DA:22,0
DA:24,0
DA:28,0
DA:30,0
DA:33,0
DA:35,0
DA:36,0
DA:38,0
DA:39,0
DA:40,0
DA:41,0
DA:43,0
DA:44,0
DA:45,0
DA:47,0
LF:17
LH:0
end_of_record
SF:lib\ui\pages\widgets\custom_LPI.dart
DA:18,0
DA:20,0
DA:22,0
DA:32,0
DA:34,0
DA:36,0
DA:37,0
DA:39,0
DA:40,0
DA:41,0
DA:42,0
DA:43,0
DA:44,0
DA:46,0
DA:47,0
DA:50,0
DA:51,0
DA:55,0
DA:58,0
DA:60,0
DA:66,0
DA:67,0
DA:68,0
DA:69,0
DA:71,0
DA:72,0
DA:73,0
DA:74,0
DA:75,0
DA:77,0
DA:79,0
DA:83,0
DA:87,0
DA:89,0
DA:90,0
DA:93,0
DA:95,0
DA:96,0
DA:97,0
DA:98,0
LF:40
LH:0
end_of_record
SF:lib\ui\pages\notification_page.dart
DA:18,0
DA:19,0
DA:26,0
DA:31,0
DA:33,0
DA:37,0
DA:39,0
DA:42,0
DA:45,0
DA:46,0
DA:47,0
DA:48,0
DA:50,0
DA:51,0
DA:52,0
DA:53,0
DA:54,0
DA:55,0
DA:60,0
DA:61,0
DA:62,0
DA:64,0
LF:22
LH:0
end_of_record
SF:lib\ui\pages\settings_page.dart
DA:18,0
DA:19,0
DA:26,0
DA:31,0
DA:33,0
DA:37,0
DA:39,0
DA:42,0
DA:45,0
DA:46,0
DA:47,0
DA:48,0
DA:50,0
DA:51,0
DA:52,0
DA:53,0
DA:54,0
DA:55,0
DA:60,0
DA:61,0
DA:62,0
DA:64,0
LF:22
LH:0
end_of_record
SF:lib\ui\pages\quote.dart
DA:21,0
DA:22,0
DA:31,0
DA:36,0
DA:38,0
DA:42,0
DA:44,0
DA:47,0
DA:50,0
DA:51,0
DA:52,0
DA:53,0
DA:55,0
DA:56,0
DA:57,0
DA:58,0
DA:59,0
DA:60,0
DA:62,0
DA:63,0
DA:67,0
DA:69,0
DA:70,0
DA:71,0
DA:72,0
DA:73,0
DA:75,0
DA:76,0
DA:77,0
DA:84,0
DA:86,0
DA:92,0
DA:94,0
DA:95,0
DA:96,0
DA:97,0
DA:99,0
DA:100,0
DA:101,0
DA:106,0
DA:107,0
DA:108,0
DA:110,0
LF:43
LH:0
end_of_record
SF:lib\ui\pages\quote_overview.dart
DA:18,0
DA:19,0
DA:26,0
DA:31,0
DA:33,0
DA:37,0
DA:39,0
DA:42,0
DA:45,0
DA:46,0
DA:47,0
DA:48,0
DA:50,0
DA:51,0
DA:52,0
DA:53,0
DA:54,0
DA:55,0
DA:60,0
DA:61,0
DA:62,0
DA:64,0
LF:22
LH:0
end_of_record
SF:lib\ui\pages\quote_creation.dart
DA:19,0
DA:20,0
DA:24,0
DA:35,0
DA:40,0
DA:42,0
DA:46,0
DA:48,0
DA:51,0
DA:54,0
DA:55,0
DA:56,0
DA:57,0
DA:59,0
DA:60,0
DA:61,0
DA:62,0
DA:63,0
DA:64,0
DA:65,0
DA:66,0
DA:70,0
DA:71,0
DA:72,0
DA:74,0
DA:75,0
DA:77,0
DA:79,0
DA:80,0
DA:82,0
DA:83,0
DA:84,0
DA:85,0
DA:86,0
DA:87,0
DA:88,0
DA:90,0
DA:91,0
DA:92,0
DA:95,0
DA:96,0
DA:97,0
DA:102,0
DA:103,0
DA:110,0
DA:111,0
DA:112,0
DA:113,0
DA:114,0
DA:115,0
DA:117,0
DA:118,0
DA:119,0
DA:122,0
DA:131,0
DA:135,0
DA:136,0
DA:145,0
DA:146,0
DA:148,0
DA:149,0
DA:150,0
DA:151,0
DA:152,0
DA:154,0
DA:155,0
DA:156,0
DA:159,0
DA:160,0
DA:161,0
DA:164,0
DA:166,0
DA:168,0
DA:169,0
DA:178,0
DA:179,0
DA:181,0
DA:182,0
DA:183,0
DA:184,0
DA:185,0
DA:187,0
DA:188,0
DA:189,0
DA:192,0
DA:193,0
DA:194,0
DA:197,0
DA:200,0
DA:201,0
DA:210,0
DA:212,0
DA:213,0
DA:215,0
DA:216,0
DA:217,0
DA:218,0
DA:219,0
DA:221,0
DA:223,0
DA:224,0
DA:237,0
DA:238,0
DA:239,0
DA:241,0
LF:105
LH:0
end_of_record
SF:lib\ui\pages\widgets\madera_button.dart
DA:15,0
DA:19,0
DA:21,0
DA:23,0
DA:25,0
DA:26,0
DA:29,0
DA:30,0
DA:31,0
DA:32,0
DA:36,0
DA:37,0
LF:12
LH:0
end_of_record
SF:lib\ui\pages\widgets\appbar_madera.dart
DA:17,1
DA:19,1
DA:20,1
DA:21,4
DA:22,3
DA:24,1
DA:25,2
DA:29,1
DA:30,1
DA:32,4
DA:33,1
DA:34,1
DA:38,1
DA:39,2
DA:40,1
DA:41,0
DA:42,0
DA:43,0
DA:44,0
DA:47,1
DA:48,1
LF:21
LH:17
end_of_record
SF:lib\ui\pages\widgets\collapsing_list_tile.dart
DA:19,0
DA:26,0
DA:27,0
DA:33,0
DA:35,0
DA:36,0
DA:39,0
DA:40,0
DA:41,0
DA:44,0
DA:46,0
DA:47,0
DA:48,0
DA:49,0
DA:50,0
DA:51,0
DA:52,0
DA:55,0
DA:56,0
DA:57,0
DA:58,0
DA:60,0
DA:63,0
DA:64,0
DA:65,0
DA:66,0
DA:71,0
DA:72,0
DA:74,0
DA:75,0
DA:76,0
DA:77,0
DA:81,0
LF:33
LH:0
end_of_record
SF:lib\ui\pages\widgets\custom_drawer.dart
DA:20,0
DA:21,0
DA:32,0
DA:34,0
DA:35,0
DA:36,0
DA:38,0
DA:40,0
DA:43,0
DA:46,0
DA:48,0
DA:49,0
DA:50,0
DA:51,0
DA:54,0
DA:55,0
DA:57,0
DA:60,0
DA:61,0
DA:64,0
DA:67,0
DA:69,0
DA:75,0
DA:76,0
DA:77,0
DA:78,0
DA:82,0
DA:83,0
DA:84,0
DA:85,0
DA:87,0
DA:89,0
DA:92,0
DA:94,0
DA:97,0
DA:99,0
DA:102,0
DA:104,0
DA:105,0
DA:108,0
DA:110,0
DA:116,0
DA:120,0
DA:121,0
DA:124,0
DA:125,0
DA:126,0
DA:127,0
DA:131,0
DA:134,0
DA:135,0
DA:136,0
DA:137,0
DA:138,0
DA:139,0
DA:142,0
DA:147,0
DA:153,0
DA:154,0
DA:155,0
DA:156,0
DA:157,0
DA:158,0
DA:159,0
DA:160,0
DA:163,0
DA:165,0
DA:170,0
LF:68
LH:0
end_of_record
SF:lib\ui\pages\widgets\labelled_icon.dart
DA:14,0
DA:16,0
DA:18,0
DA:20,0
DA:23,0
DA:24,0
DA:25,0
DA:26,0
LF:8
LH:0
end_of_record
SF:lib\ui\pages\widgets\exit_button.dart
DA:13,1
DA:21,1
DA:22,0
DA:25,1
DA:26,1
LF:5
LH:4
end_of_record
