SF:lib\providers\http_status.dart
DA:1,1
DA:2,1
DA:3,1
DA:4,1
LF:4
LH:4
end_of_record
SF:lib\providers\models\navigation_model.dart
DA:12,0
DA:15,0
LF:2
LH:0
end_of_record
SF:lib\providers\provider-navigation.dart
DA:22,3
DA:24,2
DA:26,1
DA:29,3
DA:32,1
DA:44,1
DA:46,1
DA:47,2
DA:48,3
DA:49,2
DA:53,1
DA:55,1
DA:56,1
DA:57,2
DA:58,1
DA:59,2
DA:63,1
DA:65,0
DA:66,0
DA:67,0
DA:68,0
DA:69,0
DA:73,1
DA:75,0
DA:76,0
DA:77,0
DA:78,0
DA:79,0
DA:83,1
DA:85,0
DA:86,0
DA:87,0
DA:88,0
DA:89,0
DA:93,1
DA:95,0
DA:96,0
DA:97,0
DA:98,0
DA:99,0
DA:103,1
DA:105,0
DA:106,0
DA:107,0
DA:108,0
DA:109,0
DA:113,1
DA:115,0
DA:116,0
DA:117,0
DA:118,0
DA:119,0
DA:125,3
DA:126,1
DA:128,1
DA:129,2
DA:133,1
DA:136,0
DA:137,0
DA:139,0
DA:140,0
DA:141,0
DA:142,0
DA:146,0
DA:148,0
LF:65
LH:27
end_of_record
SF:lib\ui\pages\add_module.dart
DA:18,0
DA:20,0
DA:21,0
DA:30,0
DA:35,0
DA:37,0
DA:41,0
DA:43,0
DA:46,0
DA:48,0
DA:49,0
DA:50,0
DA:51,0
DA:53,0
DA:54,0
DA:55,0
DA:56,0
DA:57,0
DA:58,0
DA:59,0
DA:60,0
DA:64,0
DA:66,0
DA:67,0
DA:68,0
DA:69,0
DA:70,0
DA:72,0
DA:73,0
DA:74,0
DA:81,0
DA:82,0
DA:83,0
DA:85,0
LF:34
LH:0
end_of_record
SF:lib\ui\pages\authentication_page.dart
DA:21,0
DA:22,0
DA:23,0
DA:36,0
DA:40,0
DA:42,0
DA:43,0
DA:44,0
DA:45,0
DA:48,0
DA:50,0
DA:51,0
DA:52,0
DA:53,0
DA:56,0
DA:58,0
DA:59,0
DA:60,0
DA:61,0
DA:63,0
DA:64,0
DA:65,0
DA:66,0
DA:67,0
DA:69,0
DA:70,0
DA:71,0
DA:72,0
DA:75,0
DA:78,0
DA:79,0
DA:81,0
DA:82,0
DA:83,0
DA:85,0
DA:90,0
DA:96,0
DA:97,0
DA:98,0
DA:103,0
DA:112,0
DA:113,0
DA:115,0
DA:116,0
DA:118,0
DA:120,0
DA:122,0
DA:124,0
DA:129,0
DA:130,0
DA:135,0
DA:136,0
DA:137,0
DA:138,0
DA:140,0
DA:143,0
DA:144,0
DA:145,0
DA:146,0
DA:147,0
DA:148,0
DA:149,0
DA:150,0
DA:151,0
DA:152,0
DA:153,0
DA:155,0
DA:158,0
DA:160,0
DA:161,0
DA:164,0
DA:170,0
DA:171,0
DA:172,0
DA:174,0
DA:176,0
DA:178,0
DA:180,0
DA:186,0
DA:187,0
DA:192,0
DA:193,0
DA:194,0
DA:195,0
DA:197,0
DA:200,0
DA:201,0
DA:202,0
DA:203,0
DA:204,0
DA:205,0
DA:206,0
DA:207,0
DA:208,0
DA:209,0
DA:210,0
DA:211,0
DA:213,0
DA:216,0
DA:219,0
DA:221,0
DA:224,0
DA:231,0
DA:232,0
DA:233,0
DA:234,0
DA:235,0
DA:236,0
DA:237,0
DA:238,0
DA:239,0
DA:240,0
DA:241,0
DA:243,0
DA:246,0
LF:115
LH:0
end_of_record
SF:lib\ui\pages\home_page.dart
DA:18,0
DA:24,0
DA:28,0
DA:30,0
DA:31,0
DA:32,0
DA:33,0
DA:35,0
DA:41,0
DA:42,0
DA:43,0
DA:44,0
DA:45,0
DA:47,0
DA:48,0
DA:49,0
DA:52,0
DA:53,0
DA:54,0
DA:57,0
DA:60,0
DA:79,0
DA:82,0
DA:83,0
DA:84,0
DA:86,0
DA:123,0
DA:126,0
DA:127,0
DA:128,0
DA:130,0
DA:133,0
DA:136,0
DA:137,0
DA:138,0
DA:140,0
DA:145,0
DA:148,0
DA:149,0
DA:152,0
DA:153,0
DA:154,0
DA:156,0
DA:159,0
DA:162,0
DA:163,0
DA:164,0
DA:166,0
DA:169,0
DA:172,0
DA:173,0
DA:174,0
DA:176,0
DA:186,0
DA:187,0
DA:190,0
DA:192,0
LF:57
LH:0
end_of_record
SF:lib\providers\provider_bdd.dart
DA:13,2
LF:1
LH:1
end_of_record
SF:lib\providers\provider_login.dart
DA:23,0
DA:25,1
DA:26,1
DA:27,2
DA:30,2
DA:31,2
DA:32,1
DA:33,3
DA:36,0
DA:38,2
DA:39,0
DA:42,2
DA:43,0
DA:45,1
DA:51,0
DA:53,0
DA:54,0
DA:55,0
DA:59,0
DA:60,0
DA:65,1
DA:68,3
DA:69,1
LF:23
LH:13
end_of_record
SF:lib\services\authentication\login_form_bloc.dart
DA:17,0
DA:18,0
DA:20,0
DA:21,0
DA:22,0
DA:23,0
DA:25,0
DA:26,0
DA:28,0
DA:29,0
DA:30,0
LF:11
LH:0
end_of_record
SF:lib\validators\validator_email.dart
DA:3,0
LF:1
LH:0
end_of_record
SF:lib\theme.dart
DA:4,0
DA:7,0
DA:9,0
DA:10,0
DA:11,0
DA:12,0
DA:14,0
DA:15,0
DA:17,0
DA:18,0
DA:19,0
DA:20,0
DA:22,0
DA:26,0
DA:29,0
DA:30,0
DA:31,0
DA:32,0
DA:33,0
DA:34,0
DA:35,0
DA:36,0
DA:37,0
DA:41,0
DA:43,0
DA:50,0
DA:57,0
LF:27
LH:0
end_of_record
SF:lib\ui\pages\widgets\madera_button.dart
DA:15,0
DA:19,0
DA:21,0
DA:23,0
DA:25,0
DA:26,0
DA:29,0
DA:30,0
DA:31,0
DA:32,0
DA:36,0
DA:37,0
LF:12
LH:0
end_of_record
SF:lib\ui\pages\quote_creation.dart
DA:18,0
DA:20,0
DA:21,0
DA:30,0
DA:35,0
DA:37,0
DA:41,0
DA:43,0
DA:46,0
DA:49,0
DA:50,0
DA:51,0
DA:52,0
DA:54,0
DA:55,0
DA:56,0
DA:57,0
DA:58,0
DA:59,0
DA:60,0
DA:61,0
DA:65,0
DA:67,0
DA:69,0
DA:70,0
DA:71,0
DA:72,0
DA:73,0
DA:75,0
DA:77,0
DA:78,0
DA:94,0
DA:95,0
DA:96,0
DA:98,0
LF:35
LH:0
end_of_record
SF:lib\ui\pages\initialization_page.dart
DA:15,0
DA:16,0
DA:17,0
DA:22,0
DA:24,0
DA:28,0
DA:30,0
DA:33,0
DA:35,0
DA:36,0
DA:38,0
DA:39,0
DA:40,0
DA:41,0
DA:43,0
DA:44,0
DA:45,0
DA:47,0
LF:18
LH:0
end_of_record
SF:lib\ui\pages\widgets\custom_LPI.dart
DA:17,0
DA:19,0
DA:21,0
DA:31,0
DA:33,0
DA:35,0
DA:36,0
DA:38,0
DA:39,0
DA:40,0
DA:41,0
DA:42,0
DA:43,0
DA:44,0
DA:45,0
DA:48,0
DA:49,0
DA:53,0
DA:56,0
DA:58,0
DA:59,0
DA:62,0
DA:64,0
DA:65,0
DA:66,0
DA:67,0
LF:26
LH:0
end_of_record
SF:lib\ui\pages\notification_page.dart
DA:15,0
DA:17,0
DA:18,0
DA:25,0
DA:30,0
DA:32,0
DA:36,0
DA:38,0
DA:41,0
DA:44,0
DA:45,0
DA:46,0
DA:47,0
DA:49,0
DA:50,0
DA:51,0
DA:52,0
DA:53,0
DA:54,0
DA:59,0
DA:60,0
DA:61,0
DA:63,0
LF:23
LH:0
end_of_record
SF:lib\ui\pages\settings_page.dart
DA:15,0
DA:17,0
DA:18,0
DA:25,0
DA:30,0
DA:32,0
DA:36,0
DA:38,0
DA:41,0
DA:44,0
DA:45,0
DA:46,0
DA:47,0
DA:49,0
DA:50,0
DA:51,0
DA:52,0
DA:53,0
DA:54,0
DA:59,0
DA:60,0
DA:61,0
DA:63,0
LF:23
LH:0
end_of_record
SF:lib\ui\pages\quote.dart
DA:18,0
DA:20,0
DA:21,0
DA:30,0
DA:35,0
DA:37,0
DA:41,0
DA:43,0
DA:46,0
DA:49,0
DA:50,0
DA:51,0
DA:52,0
DA:54,0
DA:55,0
DA:56,0
DA:57,0
DA:58,0
DA:59,0
DA:61,0
DA:62,0
DA:66,0
DA:68,0
DA:69,0
DA:70,0
DA:71,0
DA:72,0
DA:74,0
DA:75,0
DA:76,0
DA:83,0
DA:84,0
DA:85,0
DA:87,0
LF:34
LH:0
end_of_record
SF:lib\ui\pages\quote_overview.dart
DA:15,0
DA:17,0
DA:18,0
DA:25,0
DA:30,0
DA:32,0
DA:36,0
DA:38,0
DA:41,0
DA:44,0
DA:45,0
DA:46,0
DA:47,0
DA:49,0
DA:50,0
DA:51,0
DA:52,0
DA:53,0
DA:54,0
DA:59,0
DA:60,0
DA:61,0
DA:63,0
LF:23
LH:0
end_of_record
SF:lib\ui\pages\widgets\appbar_madera.dart
DA:16,1
DA:18,1
DA:19,1
DA:20,4
DA:21,3
DA:23,1
DA:24,2
DA:28,1
DA:29,1
DA:31,4
DA:32,1
DA:33,1
DA:37,1
DA:38,2
DA:39,1
DA:40,0
DA:41,0
DA:42,0
DA:43,0
DA:46,1
DA:47,1
LF:21
LH:17
end_of_record
SF:lib\ui\pages\widgets\exit_button.dart
DA:13,1
DA:21,1
DA:22,0
DA:25,1
DA:26,1
LF:5
LH:4
end_of_record
SF:lib\ui\pages\widgets\collapsing_list_tile.dart
DA:19,0
DA:26,0
DA:27,0
DA:33,0
DA:35,0
DA:36,0
DA:39,0
DA:40,0
DA:41,0
DA:44,0
DA:46,0
DA:47,0
DA:48,0
DA:49,0
DA:50,0
DA:51,0
DA:52,0
DA:55,0
DA:56,0
DA:57,0
DA:58,0
DA:60,0
DA:63,0
DA:64,0
DA:65,0
DA:66,0
DA:71,0
DA:72,0
DA:74,0
DA:75,0
DA:76,0
DA:77,0
DA:81,0
LF:33
LH:0
end_of_record
SF:lib\ui\pages\widgets\custom_drawer.dart
DA:18,0
DA:19,0
DA:30,0
DA:32,0
DA:33,0
DA:34,0
DA:36,0
DA:38,0
DA:41,0
DA:44,0
DA:46,0
DA:47,0
DA:48,0
DA:49,0
DA:52,0
DA:53,0
DA:55,0
DA:58,0
DA:59,0
DA:62,0
DA:65,0
DA:67,0
DA:73,0
DA:74,0
DA:75,0
DA:76,0
DA:80,0
DA:81,0
DA:82,0
DA:83,0
DA:85,0
DA:87,0
DA:90,0
DA:92,0
DA:95,0
DA:97,0
DA:100,0
DA:102,0
DA:103,0
DA:106,0
DA:108,0
DA:114,0
DA:118,0
DA:119,0
DA:122,0
DA:123,0
DA:124,0
DA:125,0
DA:129,0
DA:132,0
DA:133,0
DA:134,0
DA:135,0
DA:136,0
DA:137,0
DA:138,0
DA:141,0
DA:146,0
DA:152,0
DA:153,0
DA:154,0
DA:155,0
DA:156,0
DA:157,0
DA:158,0
DA:159,0
DA:162,0
DA:164,0
DA:169,0
LF:69
LH:0
end_of_record
SF:lib\ui\pages\widgets\labelled_icon.dart
DA:14,0
DA:16,0
DA:18,0
DA:20,0
DA:23,0
DA:24,0
DA:25,0
DA:26,0
LF:8
LH:0
end_of_record
